\BOOKMARK [1][-]{section.1}{SALT talk preparation}{}% 1
\BOOKMARK [2][-]{subsection.1.1}{Prior probability? and language comprehension}{section.1}% 2
\BOOKMARK [2][-]{subsection.1.2}{Which knowledge is involved?}{section.1}% 3
\BOOKMARK [2][-]{subsection.1.3}{Projection analyses and prior probability}{section.1}% 4
\BOOKMARK [3][-]{subsubsection.1.3.1}{heim83}{subsection.1.3}% 5
\BOOKMARK [3][-]{subsubsection.1.3.2}{abrusan2011,abrusan2016 and best-question}{subsection.1.3}% 6
\BOOKMARK [3][-]{subsubsection.1.3.3}{abusch02,abusch10,romoli2015}{subsection.1.3}% 7
\BOOKMARK [3][-]{subsubsection.1.3.4}{Schlenker ms/2019}{subsection.1.3}% 8
\BOOKMARK [1][-]{section.2}{Introduction}{}% 9
\BOOKMARK [1][-]{section.3}{Experiment 1: Prior probability influences projection}{}% 10
\BOOKMARK [2][-]{subsection.3.1}{Results}{section.3}% 11
\BOOKMARK [2][-]{subsection.3.2}{Discussion}{section.3}% 12
\BOOKMARK [1][-]{section.4}{Experiment 2: Prior probability}{}% 13
\BOOKMARK [2][-]{subsection.4.1}{Methods}{section.4}% 14
\BOOKMARK [2][-]{subsection.4.2}{Results and discussion}{section.4}% 15
\BOOKMARK [1][-]{section.5}{Discussion}{}% 16
\BOOKMARK [1][-]{section.6}{Conclusions}{}% 17
\BOOKMARK [1][-]{appendix.A}{Experiment 1 target and control stimuli}{}% 18
\BOOKMARK [1][-]{appendix.B}{Model details for Experiments 1, 2 and 3}{}% 19
\BOOKMARK [2][-]{subsection.B.1}{Motivation for using Bayesian mixed effects Beta regression}{appendix.B}% 20
\BOOKMARK [2][-]{subsection.B.2}{Coding choices and interpreting model output}{appendix.B}% 21
\BOOKMARK [2][-]{subsection.B.3}{Model outputs for Experiments 1, 2 and 3}{appendix.B}% 22
\BOOKMARK [1][-]{appendix.C}{Projection comparison}{}% 23
\BOOKMARK [1][-]{appendix.D}{Visualization of the effect of prior probability on projection by content}{}% 24
\BOOKMARK [1][-]{appendix.E}{Projection experiment}{}% 25
\BOOKMARK [2][-]{subsection.E.1}{Methods}{appendix.E}% 26
\BOOKMARK [2][-]{subsection.E.2}{Results}{appendix.E}% 27
