\BOOKMARK [1][-]{section.1}{Introduction}{}% 1
\BOOKMARK [2][-]{subsection.1.1}{Disagreement about the definition of factive predicates}{section.1}% 2
\BOOKMARK [2][-]{subsection.1.2}{Properties of the content of the complement of clause-embedding predicates}{section.1}% 3
\BOOKMARK [2][-]{subsection.1.3}{Goal of this paper and clause-embedding predicates investigated}{section.1}% 4
\BOOKMARK [1][-]{section.2}{Experiment 1: Projection}{}% 5
\BOOKMARK [2][-]{subsection.2.1}{Experiment 1a: Continuous projection ratings}{section.2}% 6
\BOOKMARK [3][-]{subsubsection.2.1.1}{Methods}{subsection.2.1}% 7
\BOOKMARK [3][-]{subsubsection.2.1.2}{Results and discussion}{subsection.2.1}% 8
\BOOKMARK [3][-]{subsubsection.2.1.3}{A possible limitation of Exp. 1a}{subsection.2.1}% 9
\BOOKMARK [2][-]{subsection.2.2}{Experiment 1b: Categorical projection ratings}{section.2}% 10
\BOOKMARK [3][-]{subsubsection.2.2.1}{Methods}{subsection.2.2}% 11
\BOOKMARK [3][-]{subsubsection.2.2.2}{Results and discussion}{subsection.2.2}% 12
\BOOKMARK [2][-]{subsection.2.3}{Converging evidence for failure of projection-based definition of factivity}{section.2}% 13
\BOOKMARK [1][-]{section.3}{Experiment 2 and 3: Entailment}{}% 14
\BOOKMARK [2][-]{subsection.3.1}{Experiment 2a: Continuous entailment ratings using inference diagnostic}{section.3}% 15
\BOOKMARK [3][-]{subsubsection.3.1.1}{Methods}{subsection.3.1}% 16
\BOOKMARK [3][-]{subsubsection.3.1.2}{Results}{subsection.3.1}% 17
\BOOKMARK [3][-]{subsubsection.3.1.3}{Discussion}{subsection.3.1}% 18
\BOOKMARK [2][-]{subsection.3.2}{Experiment 2b: Categorical entailment ratings using inference diagnostic}{section.3}% 19
\BOOKMARK [3][-]{subsubsection.3.2.1}{Methods}{subsection.3.2}% 20
\BOOKMARK [3][-]{subsubsection.3.2.2}{Results and discussion}{subsection.3.2}% 21
\BOOKMARK [2][-]{subsection.3.3}{Experiment 3a: Continuous entailment ratings using contradictoriness diagnostic}{section.3}% 22
\BOOKMARK [3][-]{subsubsection.3.3.1}{Methods}{subsection.3.3}% 23
\BOOKMARK [3][-]{subsubsection.3.3.2}{Results}{subsection.3.3}% 24
\BOOKMARK [2][-]{subsection.3.4}{Experiment 3b: Categorical entailment ratings using contradictoriness diagnostic}{section.3}% 25
\BOOKMARK [3][-]{subsubsection.3.4.1}{Methods}{subsection.3.4}% 26
\BOOKMARK [3][-]{subsubsection.3.4.2}{Results}{subsection.3.4}% 27
\BOOKMARK [2][-]{subsection.3.5}{Discussion}{section.3}% 28
\BOOKMARK [2][-]{subsection.3.6}{Do projectivity and entailment jointly identify a class of factive predicates?}{section.3}% 29
\BOOKMARK [1][-]{section.4}{Discussion}{}% 30
\BOOKMARK [1][-]{section.5}{Conclusions}{}% 31
\BOOKMARK [1][-]{appendix.A}{20 complement clauses}{}% 32
\BOOKMARK [1][-]{appendix.B}{Details on the Bayesian models for Experiments 1 and 2}{}% 33
\BOOKMARK [1][-]{appendix.C}{Experiments 1', 2a' and 3b}{}% 34
