\BOOKMARK [1][-]{section.1}{Introduction}{}% 1
\BOOKMARK [2][-]{subsection.1.1}{Disagreement about the definition of factive predicates}{section.1}% 2
\BOOKMARK [2][-]{subsection.1.2}{Does presuppositionality categorically distinguish clause-embedding predicates?}{section.1}% 3
\BOOKMARK [2][-]{subsection.1.3}{Disagreements about whether the CC of clause-embedding predicates is entailed}{section.1}% 4
\BOOKMARK [2][-]{subsection.1.4}{Goal of this paper and clause-embedding predicates investigated}{section.1}% 5
\BOOKMARK [1][-]{section.2}{Experiment 1: Projection}{}% 6
\BOOKMARK [2][-]{subsection.2.1}{Methods}{section.2}% 7
\BOOKMARK [2][-]{subsection.2.2}{Results and discussion}{section.2}% 8
\BOOKMARK [1][-]{section.3}{Experiment 2: Entailment}{}% 9
\BOOKMARK [2][-]{subsection.3.1}{Experiment 2a: Inference diagnostic for entailment}{section.3}% 10
\BOOKMARK [3][-]{subsubsection.3.1.1}{Methods}{subsection.3.1}% 11
\BOOKMARK [3][-]{subsubsection.3.1.2}{Results}{subsection.3.1}% 12
\BOOKMARK [2][-]{subsection.3.2}{Experiment 2b: Contradictoriness diagnostic for entailment}{section.3}% 13
\BOOKMARK [3][-]{subsubsection.3.2.1}{Methods}{subsection.3.2}% 14
\BOOKMARK [3][-]{subsubsection.3.2.2}{Results}{subsection.3.2}% 15
\BOOKMARK [2][-]{subsection.3.3}{Discussion}{section.3}% 16
\BOOKMARK [3][-]{subsubsection.3.3.1}{Which CCs of clause-embedding predicates are entailed?}{subsection.3.3}% 17
\BOOKMARK [2][-]{subsection.3.4}{Do projectivity and entailment jointly categorize clause-embedding predicates?}{section.3}% 18
\BOOKMARK [1][-]{section.4}{Discussion}{}% 19
\BOOKMARK [2][-]{subsection.4.1}{Implications for formal analyses of projective content}{section.4}% 20
\BOOKMARK [1][-]{section.5}{Conclusions}{}% 21
\BOOKMARK [1][-]{appendix.A}{20 complement clauses}{}% 22
\BOOKMARK [1][-]{appendix.B}{Experiments with binary response tasks}{}% 23
